23:16:20--Debug: mesh loaded!

23:16:20--Debug: eigen vector loaded!

23:19:58--Debug: mesh loaded!

23:19:58--Debug: eigen vector loaded!

23:35:19--Debug: mesh loaded!

23:35:19--Debug: eigen vector loaded!

23:48:36--Debug: mesh loaded!

23:48:36--Debug: eigen vector loaded!

23:50:29--Debug: mesh loaded!

23:50:30--Debug: eigen vector loaded!

23:53:09--Debug: mesh loaded!

23:53:09--Debug: eigen vector loaded!

00:19:56--Debug: mesh loaded!

00:19:56--Debug: eigen vector loaded!

00:20:32--Debug: mesh loaded!

00:20:33--Debug: eigen vector loaded!

00:23:18--Debug: mesh loaded!

00:23:19--Debug: eigen vector loaded!

00:23:39--Debug: mesh loaded!

00:23:40--Debug: eigen vector loaded!

00:23:47--Debug: mesh loaded!

00:23:47--Debug: eigen vector loaded!

11:32:50--Debug: mesh loaded!

11:32:50--Debug: eigen vector loaded!

11:39:21--Debug: mesh loaded!

11:39:21--Debug: eigen vector loaded!

11:45:11--Debug: mesh loaded!

11:45:11--Debug: eigen vector loaded!

12:00:25--Debug: mesh loaded!

12:00:26--Debug: eigen vector loaded!

12:05:18--Debug: mesh loaded!

12:05:18--Debug: eigen vector loaded!

12:10:35--Debug: mesh loaded!

12:10:35--Debug: eigen vector loaded!

12:12:01--Debug: mesh loaded!

12:12:01--Debug: eigen vector loaded!

12:13:22--Debug: mesh loaded!

12:13:22--Debug: eigen vector loaded!

12:15:08--Debug: mesh loaded!

12:15:08--Debug: eigen vector loaded!

12:16:49--Debug: mesh loaded!

12:16:50--Debug: eigen vector loaded!

12:19:20--Debug: mesh loaded!

12:19:20--Debug: eigen vector loaded!

12:24:27--Debug: mesh loaded!

12:24:27--Debug: eigen vector loaded!

12:26:24--Debug: mesh loaded!

12:26:24--Debug: eigen vector loaded!

12:27:16--Debug: mesh loaded!

12:27:16--Debug: eigen vector loaded!

13:02:46--Debug: mesh loaded!

13:02:46--Debug: eigen vector loaded!

13:03:45--Debug: mesh loaded!

13:03:46--Debug: eigen vector loaded!

13:04:07--Debug: mesh loaded!

13:04:08--Debug: eigen vector loaded!

13:07:17--Debug: mesh loaded!

13:07:17--Debug: eigen vector loaded!

13:13:43--Debug: mesh loaded!

13:13:44--Debug: eigen vector loaded!

13:14:52--Debug: mesh loaded!

13:14:52--Debug: eigen vector loaded!

13:21:15--Debug: mesh loaded!

13:21:15--Debug: eigen vector loaded!

13:21:45--Debug: mesh loaded!

13:21:46--Debug: eigen vector loaded!

13:21:59--Debug: mesh loaded!

13:21:59--Debug: eigen vector loaded!

13:22:33--Debug: mesh loaded!

13:22:34--Debug: eigen vector loaded!

13:22:55--Debug: mesh loaded!

13:22:57--Debug: eigen vector loaded!

13:33:39--Debug: mesh loaded!

13:33:59--Debug: mesh loaded!

13:34:16--Debug: mesh loaded!

13:36:54--Debug: mesh loaded!

14:15:40--Debug: mesh loaded!

14:16:45--Debug: mesh loaded!

15:38:26--Debug: mesh loaded!

15:38:57--Debug: mesh loaded!

15:38:57--Debug: eigen vector loaded!

16:01:14--Debug: mesh loaded!

16:01:14--Debug: eigen vector loaded!

16:01:58--Debug: mesh loaded!

16:01:58--Debug: eigen vector loaded!

16:05:47--Debug: mesh loaded!

16:05:47--Debug: eigen vector loaded!

16:08:30--Debug: mesh loaded!

16:08:30--Debug: eigen vector loaded!

16:09:37--Debug: mesh loaded!

16:09:38--Debug: eigen vector loaded!

16:21:48--Debug: mesh loaded!

16:21:48--Debug: eigen vector loaded!

16:23:04--Debug: mesh loaded!

16:23:04--Debug: eigen vector loaded!

16:23:15--Debug: mesh loaded!

16:23:15--Debug: eigen vector loaded!

16:23:31--Debug: mesh loaded!

16:23:31--Debug: eigen vector loaded!

16:24:13--Debug: mesh loaded!

16:24:13--Debug: eigen vector loaded!

00:22:24--Debug: mesh loaded!

00:22:25--Debug: eigen vector loaded!

00:22:50--Debug: mesh loaded!

00:22:50--Debug: eigen vector loaded!

00:23:05--Debug: mesh loaded!

00:23:06--Debug: eigen vector loaded!

00:23:36--Debug: mesh loaded!

00:24:00--Debug: mesh loaded!

00:24:33--Warning: QObject::killTimers: timers cannot be stopped from another thread
00:24:56--Warning: QObject::killTimers: timers cannot be stopped from another thread
00:25:03--Debug: mesh loaded!

00:25:51--Debug: mesh loaded!

00:26:12--Warning: QObject::killTimers: timers cannot be stopped from another thread
00:26:21--Debug: mesh loaded!

00:27:02--Debug: mesh loaded!

00:27:35--Debug: mesh loaded!

01:02:44--Debug: mesh loaded!

01:32:28--Debug: mesh loaded!

14:21:35--Debug: mesh loaded!

14:25:19--Debug: mesh loaded!

14:31:33--Debug: mesh loaded!

14:32:32--Debug: mesh loaded!

14:34:10--Debug: mesh loaded!

14:34:10--Debug: eigen vector loaded!

14:34:39--Debug: mesh loaded!

14:34:40--Debug: eigen vector loaded!

14:34:54--Warning: QObject::killTimers: timers cannot be stopped from another thread
14:35:02--Debug: mesh loaded!

14:35:02--Debug: eigen vector loaded!

14:36:57--Debug: mesh loaded!

14:38:53--Debug: mesh loaded!

14:42:57--Debug: mesh loaded!

14:57:08--Debug: mesh loaded!

14:58:34--Debug: mesh loaded!

14:59:43--Debug: mesh loaded!

15:00:16--Debug: mesh loaded!

15:01:35--Debug: mesh loaded!

15:02:08--Debug: mesh loaded!

15:08:22--Debug: mesh loaded!

15:13:09--Debug: mesh loaded!

15:14:48--Debug: mesh loaded!

15:21:09--Debug: mesh loaded!

15:37:06--Debug: mesh loaded!

15:37:06--Debug: eigen vector loaded!

15:37:41--Debug: mesh loaded!

15:37:42--Debug: eigen vector loaded!

15:44:46--Debug: mesh loaded!

15:44:47--Debug: eigen vector loaded!

16:03:45--Debug: mesh loaded!

16:03:45--Debug: eigen vector loaded!

19:16:44--Debug: mesh loaded!

19:16:45--Debug: eigen vector loaded!

21:58:59--Debug: mesh loaded!

21:58:59--Debug: eigen vector loaded!

21:59:46--Debug: mesh loaded!

21:59:46--Debug: eigen vector loaded!

22:07:28--Debug: mesh loaded!

22:07:28--Debug: eigen vector loaded!

22:08:23--Debug: mesh loaded!

22:08:23--Debug: eigen vector loaded!

22:09:46--Debug: mesh loaded!

22:09:46--Debug: eigen vector loaded!

22:10:17--Debug: mesh loaded!

22:10:18--Debug: eigen vector loaded!

22:12:50--Debug: mesh loaded!

22:12:50--Debug: eigen vector loaded!

22:37:19--Debug: mesh loaded!

22:37:19--Debug: eigen vector loaded!

22:40:52--Debug: mesh loaded!

22:40:52--Debug: eigen vector loaded!

23:45:04--Debug: mesh loaded!

23:45:04--Debug: eigen vector loaded!

23:46:07--Debug: mesh loaded!

16:02:51--Debug: mesh loaded!

16:02:51--Debug: eigen vector loaded!

16:03:43--Warning: Qt has caught an exception thrown from an event handler. Throwing
exceptions from an event handler is not supported in Qt. You must
reimplement QApplication::notify() and catch all exceptions there.

16:04:47--Debug: mesh loaded!

16:04:47--Debug: eigen vector loaded!

16:04:50--Warning: Qt has caught an exception thrown from an event handler. Throwing
exceptions from an event handler is not supported in Qt. You must
reimplement QApplication::notify() and catch all exceptions there.

16:25:59--Debug: mesh loaded!

16:26:00--Debug: eigen vector loaded!

16:27:45--Debug: mesh loaded!

16:27:45--Debug: eigen vector loaded!

16:29:08--Debug: mesh loaded!

16:29:08--Debug: eigen vector loaded!

16:31:09--Debug: mesh loaded!

16:31:09--Debug: eigen vector loaded!

16:31:57--Warning: QObject::killTimers: timers cannot be stopped from another thread
16:34:13--Debug: mesh loaded!

16:34:13--Debug: eigen vector loaded!

16:35:36--Debug: mesh loaded!

16:35:36--Debug: eigen vector loaded!

16:36:40--Debug: mesh loaded!

16:36:40--Debug: eigen vector loaded!

16:38:25--Debug: mesh loaded!

16:38:26--Debug: eigen vector loaded!

16:39:27--Debug: mesh loaded!

16:39:27--Debug: eigen vector loaded!

16:44:38--Debug: mesh loaded!

16:44:38--Debug: eigen vector loaded!

16:44:45--Warning: QObject::killTimers: timers cannot be stopped from another thread
16:45:43--Debug: mesh loaded!

16:45:43--Debug: eigen vector loaded!

16:46:54--Debug: mesh loaded!

16:46:55--Debug: eigen vector loaded!

16:50:39--Debug: mesh loaded!

16:50:39--Debug: eigen vector loaded!

16:52:17--Debug: mesh loaded!

16:52:17--Debug: eigen vector loaded!

16:54:33--Debug: mesh loaded!

16:54:33--Debug: eigen vector loaded!

16:57:54--Debug: mesh loaded!

16:57:55--Debug: eigen vector loaded!

16:58:57--Debug: mesh loaded!

16:58:57--Debug: eigen vector loaded!

17:00:35--Debug: mesh loaded!

17:00:35--Debug: eigen vector loaded!

17:01:38--Debug: mesh loaded!

17:02:11--Debug: mesh loaded!

17:02:22--Debug: mesh loaded!

17:36:23--Debug: mesh loaded!

17:49:12--Debug: mesh loaded!

17:49:13--Debug: eigen vector loaded!

17:56:16--Debug: mesh loaded!

17:56:17--Debug: eigen vector loaded!

18:18:10--Debug: mesh loaded!

18:18:10--Debug: eigen vector loaded!

18:30:38--Debug: mesh loaded!

18:30:39--Debug: eigen vector loaded!

18:30:50--Debug: mesh loaded!

18:30:50--Debug: eigen vector loaded!

10:24:27--Debug: mesh loaded!

10:24:27--Debug: eigen vector loaded!

10:32:12--Debug: mesh loaded!

10:32:13--Debug: eigen vector loaded!

10:33:34--Debug: mesh loaded!

10:33:34--Debug: eigen vector loaded!

10:35:54--Debug: mesh loaded!

10:35:54--Debug: eigen vector loaded!

10:38:43--Debug: mesh loaded!

10:38:43--Debug: eigen vector loaded!

10:40:18--Debug: mesh loaded!

10:40:19--Debug: eigen vector loaded!

10:42:03--Debug: mesh loaded!

10:42:04--Debug: eigen vector loaded!

10:43:32--Debug: mesh loaded!

10:43:33--Debug: eigen vector loaded!

10:45:47--Debug: mesh loaded!

10:45:48--Debug: eigen vector loaded!

10:47:28--Debug: mesh loaded!

10:47:29--Debug: eigen vector loaded!

11:05:57--Debug: mesh loaded!

11:05:57--Debug: eigen vector loaded!

11:08:42--Debug: mesh loaded!

11:08:43--Debug: eigen vector loaded!

11:36:49--Debug: mesh loaded!

11:36:49--Debug: eigen vector loaded!

11:40:26--Debug: mesh loaded!

11:40:26--Debug: eigen vector loaded!

11:45:44--Debug: mesh loaded!

11:45:44--Debug: eigen vector loaded!

11:46:50--Debug: mesh loaded!

11:46:50--Debug: eigen vector loaded!

11:48:38--Debug: mesh loaded!

11:48:38--Debug: eigen vector loaded!

11:50:00--Debug: mesh loaded!

11:51:46--Debug: mesh loaded!

11:51:46--Debug: eigen vector loaded!

11:57:10--Debug: mesh loaded!

11:57:10--Debug: eigen vector loaded!

12:03:37--Debug: mesh loaded!

12:03:38--Debug: eigen vector loaded!

19:49:08--Debug: mesh loaded!

19:49:08--Debug: eigen vector loaded!

19:51:34--Debug: mesh loaded!

19:51:35--Debug: eigen vector loaded!

20:50:04--Debug: mesh loaded!

20:50:05--Debug: eigen vector loaded!

20:51:41--Debug: mesh loaded!

20:51:41--Debug: eigen vector loaded!

21:01:27--Debug: mesh loaded!

21:01:27--Debug: eigen vector loaded!

21:09:13--Debug: mesh loaded!

21:09:14--Debug: eigen vector loaded!

21:18:21--Debug: mesh loaded!

21:18:22--Debug: eigen vector loaded!

21:19:40--Debug: mesh loaded!

21:19:41--Debug: eigen vector loaded!

21:21:47--Debug: mesh loaded!

21:21:48--Debug: eigen vector loaded!

21:23:55--Debug: mesh loaded!

21:23:55--Debug: eigen vector loaded!

21:25:37--Debug: mesh loaded!

21:25:37--Debug: eigen vector loaded!

21:26:07--Debug: mesh loaded!

21:26:07--Debug: eigen vector loaded!

21:31:09--Debug: mesh loaded!

21:31:09--Debug: eigen vector loaded!

21:38:45--Debug: mesh loaded!

21:38:45--Debug: eigen vector loaded!

21:40:54--Debug: mesh loaded!

21:40:54--Debug: eigen vector loaded!

21:47:02--Debug: mesh loaded!

21:47:02--Debug: eigen vector loaded!

21:49:50--Debug: mesh loaded!

21:49:50--Debug: eigen vector loaded!

21:50:38--Debug: mesh loaded!

21:50:38--Debug: eigen vector loaded!

21:53:14--Debug: mesh loaded!

21:53:15--Debug: eigen vector loaded!

21:55:16--Debug: mesh loaded!

21:55:16--Debug: eigen vector loaded!

21:57:02--Debug: mesh loaded!

21:57:02--Debug: eigen vector loaded!

22:38:36--Debug: mesh loaded!

22:38:37--Debug: eigen vector loaded!

22:43:22--Debug: mesh loaded!

22:43:23--Debug: eigen vector loaded!

23:02:51--Debug: mesh loaded!

23:02:51--Debug: eigen vector loaded!

23:04:08--Debug: mesh loaded!

23:04:08--Debug: eigen vector loaded!

23:04:54--Debug: mesh loaded!

23:04:55--Debug: eigen vector loaded!

23:20:33--Debug: mesh loaded!

23:20:33--Debug: eigen vector loaded!

23:21:33--Debug: mesh loaded!

23:21:34--Debug: eigen vector loaded!

23:39:50--Debug: mesh loaded!

23:39:50--Debug: eigen vector loaded!

23:44:40--Debug: mesh loaded!

23:44:40--Debug: eigen vector loaded!

23:46:50--Debug: mesh loaded!

23:46:50--Debug: eigen vector loaded!

23:59:13--Debug: mesh loaded!

23:59:13--Debug: eigen vector loaded!

00:01:40--Debug: mesh loaded!

00:01:41--Debug: eigen vector loaded!

00:03:29--Debug: mesh loaded!

00:03:30--Debug: eigen vector loaded!

00:04:56--Debug: mesh loaded!

00:04:56--Debug: eigen vector loaded!

00:16:11--Debug: mesh loaded!

00:16:11--Debug: eigen vector loaded!

00:58:22--Debug: mesh loaded!

00:58:22--Debug: eigen vector loaded!

01:06:51--Debug: mesh loaded!

01:06:52--Debug: eigen vector loaded!

01:12:19--Debug: mesh loaded!

01:12:19--Debug: eigen vector loaded!

01:14:32--Debug: mesh loaded!

01:14:32--Debug: eigen vector loaded!

01:15:06--Debug: mesh loaded!

01:15:07--Debug: eigen vector loaded!

01:15:51--Debug: mesh loaded!

01:15:51--Debug: eigen vector loaded!

01:21:39--Debug: mesh loaded!

01:21:39--Debug: eigen vector loaded!

01:25:22--Debug: mesh loaded!

01:25:22--Debug: eigen vector loaded!

01:30:15--Debug: mesh loaded!

01:30:15--Debug: eigen vector loaded!

01:30:51--Debug: mesh loaded!

01:30:51--Debug: eigen vector loaded!

01:36:09--Debug: mesh loaded!

01:36:09--Debug: eigen vector loaded!

13:11:24--Debug: mesh loaded!

13:11:24--Debug: eigen vector loaded!

13:12:17--Debug: mesh loaded!

13:12:17--Debug: eigen vector loaded!

13:18:42--Debug: mesh loaded!

13:18:42--Debug: eigen vector loaded!

13:19:49--Debug: mesh loaded!

13:19:49--Debug: eigen vector loaded!

13:21:41--Debug: mesh loaded!

13:21:41--Debug: eigen vector loaded!

13:39:37--Debug: mesh loaded!

13:39:37--Debug: eigen vector loaded!

13:41:32--Debug: mesh loaded!

13:41:32--Debug: eigen vector loaded!

13:46:01--Debug: mesh loaded!

13:46:02--Debug: eigen vector loaded!

13:46:59--Debug: mesh loaded!

13:46:59--Debug: eigen vector loaded!

13:56:47--Debug: mesh loaded!

13:56:47--Debug: eigen vector loaded!

13:56:52--Debug: mesh loaded!

13:56:53--Debug: eigen vector loaded!

13:58:04--Debug: mesh loaded!

13:58:04--Debug: eigen vector loaded!

13:59:54--Debug: mesh loaded!

13:59:54--Debug: eigen vector loaded!

13:59:58--Debug: mesh loaded!

13:59:59--Debug: eigen vector loaded!

14:03:50--Debug: mesh loaded!

14:03:51--Debug: eigen vector loaded!

14:05:38--Debug: mesh loaded!

14:05:39--Debug: eigen vector loaded!

14:07:39--Debug: mesh loaded!

14:07:40--Debug: eigen vector loaded!

14:10:22--Debug: mesh loaded!

14:10:22--Debug: eigen vector loaded!

14:16:17--Debug: mesh loaded!

14:16:17--Debug: eigen vector loaded!

14:17:43--Debug: mesh loaded!

14:17:43--Debug: eigen vector loaded!

14:24:36--Debug: mesh loaded!

14:24:36--Debug: eigen vector loaded!

14:29:47--Debug: mesh loaded!

14:29:47--Debug: eigen vector loaded!

14:33:50--Debug: mesh loaded!

14:33:50--Debug: eigen vector loaded!

14:34:39--Debug: mesh loaded!

14:34:39--Debug: eigen vector loaded!

14:35:35--Debug: mesh loaded!

14:35:35--Debug: eigen vector loaded!

14:36:24--Debug: mesh loaded!

14:36:24--Debug: eigen vector loaded!

14:37:28--Debug: mesh loaded!

14:37:28--Debug: eigen vector loaded!

14:38:24--Debug: mesh loaded!

14:38:24--Debug: eigen vector loaded!

14:39:22--Debug: mesh loaded!

14:39:22--Debug: eigen vector loaded!

14:41:55--Debug: mesh loaded!

14:41:55--Debug: eigen vector loaded!

14:44:11--Debug: mesh loaded!

14:44:12--Debug: eigen vector loaded!

14:47:04--Debug: mesh loaded!

14:47:04--Debug: eigen vector loaded!

14:47:49--Debug: mesh loaded!

14:47:50--Debug: eigen vector loaded!

14:48:30--Debug: mesh loaded!

14:48:30--Debug: eigen vector loaded!

22:22:16--Debug: mesh loaded!

22:22:17--Debug: eigen vector loaded!

01:43:57--Debug: mesh loaded!

01:44:05--Debug: mesh loaded!

01:44:11--Debug: mesh loaded!

01:45:24--Debug: mesh loaded!

01:51:52--Debug: mesh loaded!

01:51:56--Debug: mesh loaded!

01:52:08--Warning: QObject::killTimers: timers cannot be stopped from another thread
01:52:22--Debug: mesh loaded!

01:54:20--Debug: mesh loaded!

01:58:45--Debug: mesh loaded!

02:00:26--Debug: mesh loaded!

02:02:17--Debug: mesh loaded!

02:03:32--Debug: mesh loaded!

02:07:21--Debug: mesh loaded!

02:07:22--Debug: eigen vector loaded!

02:10:12--Debug: mesh loaded!

02:10:12--Debug: eigen vector loaded!

02:10:45--Debug: mesh loaded!

02:12:09--Debug: mesh loaded!

02:13:30--Debug: mesh loaded!

02:14:44--Debug: mesh loaded!

02:22:26--Debug: mesh loaded!

02:27:12--Debug: mesh loaded!

02:33:22--Debug: mesh loaded!

12:33:01--Debug: mesh loaded!

12:33:02--Debug: eigen vector loaded!

12:36:36--Debug: mesh loaded!

12:36:36--Debug: eigen vector loaded!

12:58:20--Debug: mesh loaded!

12:58:20--Debug: eigen vector loaded!

13:11:23--Debug: mesh loaded!

13:11:23--Debug: eigen vector loaded!

13:14:17--Debug: mesh loaded!

13:14:17--Debug: eigen vector loaded!

13:15:23--Debug: mesh loaded!

13:34:56--Debug: mesh loaded!

13:34:57--Debug: eigen vector loaded!

13:43:26--Debug: mesh loaded!

13:43:27--Debug: eigen vector loaded!

13:52:17--Debug: mesh loaded!

13:52:21--Debug: mesh loaded!

13:52:22--Debug: eigen vector loaded!

14:09:26--Debug: mesh loaded!

14:09:26--Debug: eigen vector loaded!

14:40:14--Debug: mesh loaded!

14:48:16--Debug: mesh loaded!

14:48:16--Debug: eigen vector loaded!

14:53:33--Debug: mesh loaded!

14:53:34--Debug: eigen vector loaded!

14:57:38--Debug: mesh loaded!

14:57:38--Debug: eigen vector loaded!

14:58:44--Debug: mesh loaded!

14:58:44--Debug: eigen vector loaded!

15:03:36--Debug: mesh loaded!

15:03:36--Debug: eigen vector loaded!

15:08:10--Debug: mesh loaded!

15:08:10--Debug: eigen vector loaded!

15:23:20--Debug: mesh loaded!

15:23:21--Debug: eigen vector loaded!

15:45:23--Debug: mesh loaded!

15:45:23--Debug: eigen vector loaded!

16:04:24--Debug: mesh loaded!

16:04:25--Debug: eigen vector loaded!

16:07:25--Debug: mesh loaded!

16:07:26--Debug: eigen vector loaded!

16:12:20--Debug: mesh loaded!

16:12:21--Debug: eigen vector loaded!

16:15:05--Debug: mesh loaded!

16:15:05--Debug: eigen vector loaded!

16:17:11--Debug: mesh loaded!

16:17:11--Debug: eigen vector loaded!

16:27:50--Debug: mesh loaded!

16:27:50--Debug: eigen vector loaded!

16:28:20--Debug: mesh loaded!

16:28:20--Debug: eigen vector loaded!

16:33:58--Debug: mesh loaded!

16:33:59--Debug: eigen vector loaded!

16:39:39--Debug: mesh loaded!

16:42:18--Debug: mesh loaded!

16:45:29--Debug: mesh loaded!

16:45:29--Debug: eigen vector loaded!

16:46:09--Debug: mesh loaded!

16:50:27--Debug: mesh loaded!

16:54:20--Debug: mesh loaded!

17:01:27--Debug: mesh loaded!

17:01:27--Debug: eigen vector loaded!

18:33:17--Debug: mesh loaded!

18:42:37--Debug: mesh loaded!

19:20:17--Debug: mesh loaded!

19:49:14--Debug: mesh loaded!

19:49:14--Debug: eigen vector loaded!

19:53:39--Debug: mesh loaded!

19:53:39--Debug: eigen vector loaded!

19:54:12--Debug: mesh loaded!

20:04:52--Debug: mesh loaded!

20:04:54--Debug: eigen vector loaded!

20:14:41--Debug: mesh loaded!

20:17:32--Debug: mesh loaded!

20:17:34--Debug: eigen vector loaded!

20:18:11--Debug: mesh loaded!

22:21:26--Debug: mesh loaded!

22:21:26--Debug: eigen vector loaded!

22:53:44--Debug: mesh loaded!

22:53:45--Debug: eigen vector loaded!

23:51:15--Debug: mesh loaded!

23:51:17--Debug: eigen vector loaded!

23:59:14--Debug: mesh loaded!

23:59:14--Debug: eigen vector loaded!

17:47:15--Warning: QObject::killTimers: timers cannot be stopped from another thread
