23:37:08--Debug: mesh loaded!

23:37:09--Debug: eigen vector loaded!

23:39:59--Debug: mesh loaded!

23:40:00--Debug: eigen vector loaded!

23:42:19--Debug: mesh loaded!

23:42:20--Debug: eigen vector loaded!

23:43:40--Debug: mesh loaded!

23:43:41--Debug: eigen vector loaded!

23:44:45--Debug: mesh loaded!

23:44:46--Debug: eigen vector loaded!

23:46:13--Debug: mesh loaded!

23:46:14--Debug: eigen vector loaded!

23:54:26--Debug: mesh loaded!

23:54:27--Debug: eigen vector loaded!

23:57:42--Debug: mesh loaded!

23:57:43--Debug: eigen vector loaded!

23:58:41--Debug: mesh loaded!

23:58:42--Debug: eigen vector loaded!

00:00:07--Debug: mesh loaded!

00:00:08--Debug: eigen vector loaded!

00:01:18--Debug: mesh loaded!

00:01:19--Debug: eigen vector loaded!

00:06:30--Debug: mesh loaded!

00:06:31--Debug: eigen vector loaded!

00:07:51--Debug: mesh loaded!

00:07:52--Debug: eigen vector loaded!

00:09:29--Debug: mesh loaded!

00:09:30--Debug: eigen vector loaded!

00:12:55--Debug: mesh loaded!

00:12:56--Debug: eigen vector loaded!

00:15:37--Debug: mesh loaded!

00:15:38--Debug: eigen vector loaded!

00:16:22--Debug: mesh loaded!

00:16:23--Debug: eigen vector loaded!

00:18:49--Debug: mesh loaded!

00:18:50--Debug: eigen vector loaded!

11:48:56--Debug: mesh loaded!

11:48:57--Debug: eigen vector loaded!

12:00:52--Debug: mesh loaded!

12:00:53--Debug: eigen vector loaded!

13:05:14--Debug: mesh loaded!

13:05:15--Debug: eigen vector loaded!

13:34:57--Debug: mesh loaded!

15:39:56--Debug: mesh loaded!

15:39:58--Debug: eigen vector loaded!

15:43:43--Debug: mesh loaded!

15:43:45--Debug: eigen vector loaded!

15:44:44--Debug: mesh loaded!

15:44:47--Debug: eigen vector loaded!

15:45:54--Debug: mesh loaded!

15:45:56--Debug: eigen vector loaded!

15:50:17--Debug: mesh loaded!

15:50:19--Debug: eigen vector loaded!

15:50:38--Debug: mesh loaded!

15:50:40--Debug: eigen vector loaded!

15:51:26--Debug: mesh loaded!

15:51:28--Debug: eigen vector loaded!

15:58:47--Debug: mesh loaded!

15:58:49--Debug: eigen vector loaded!

16:10:27--Debug: mesh loaded!

16:10:28--Debug: eigen vector loaded!

16:10:42--Debug: mesh loaded!

16:10:44--Debug: eigen vector loaded!

16:20:00--Debug: mesh loaded!

16:20:02--Debug: eigen vector loaded!

16:20:29--Debug: mesh loaded!

16:20:31--Debug: eigen vector loaded!

14:22:34--Debug: mesh loaded!

14:23:13--Debug: mesh loaded!

14:26:53--Debug: mesh loaded!

14:28:49--Debug: mesh loaded!

15:22:38--Debug: mesh loaded!

15:24:42--Debug: mesh loaded!

15:29:21--Debug: mesh loaded!

15:31:24--Debug: mesh loaded!

15:33:55--Debug: mesh loaded!

15:40:36--Debug: mesh loaded!

15:40:39--Debug: eigen vector loaded!

15:47:26--Debug: mesh loaded!

15:47:29--Debug: eigen vector loaded!

15:50:44--Debug: mesh loaded!

15:50:47--Debug: eigen vector loaded!

15:54:33--Debug: mesh loaded!

15:54:36--Debug: eigen vector loaded!

15:56:58--Debug: mesh loaded!

15:57:01--Debug: eigen vector loaded!

16:02:23--Debug: mesh loaded!

16:02:26--Debug: eigen vector loaded!

16:05:05--Debug: mesh loaded!

16:05:08--Debug: eigen vector loaded!

16:06:14--Debug: mesh loaded!

16:06:16--Debug: eigen vector loaded!

16:08:22--Debug: mesh loaded!

16:08:24--Debug: eigen vector loaded!

16:09:16--Debug: mesh loaded!

16:09:19--Debug: eigen vector loaded!

16:10:50--Debug: mesh loaded!

16:10:53--Debug: eigen vector loaded!

16:15:03--Debug: mesh loaded!

16:15:06--Debug: eigen vector loaded!

19:10:28--Debug: mesh loaded!

19:10:31--Debug: eigen vector loaded!

19:11:28--Debug: mesh loaded!

19:11:31--Debug: eigen vector loaded!

19:12:13--Debug: mesh loaded!

19:12:17--Debug: eigen vector loaded!

19:14:44--Debug: mesh loaded!

19:14:47--Debug: eigen vector loaded!

19:15:39--Debug: mesh loaded!

19:15:42--Debug: eigen vector loaded!

20:00:09--Debug: mesh loaded!

20:00:11--Debug: eigen vector loaded!

21:41:01--Debug: mesh loaded!

21:41:04--Debug: eigen vector loaded!

21:45:50--Debug: mesh loaded!

21:45:53--Debug: eigen vector loaded!

22:42:45--Debug: mesh loaded!

22:42:47--Debug: eigen vector loaded!

22:48:33--Warning: QObject::killTimers: timers cannot be stopped from another thread
23:04:45--Debug: mesh loaded!

23:04:48--Debug: eigen vector loaded!

23:26:43--Debug: mesh loaded!

23:26:45--Debug: eigen vector loaded!

23:29:19--Debug: mesh loaded!

23:29:21--Debug: eigen vector loaded!

23:35:30--Debug: mesh loaded!

23:35:32--Debug: eigen vector loaded!

23:38:36--Debug: mesh loaded!

23:38:38--Debug: eigen vector loaded!

23:40:55--Debug: mesh loaded!

23:40:57--Debug: eigen vector loaded!

23:41:26--Warning: QObject::killTimers: timers cannot be stopped from another thread
23:43:07--Debug: mesh loaded!

23:43:09--Debug: eigen vector loaded!

16:05:45--Debug: mesh loaded!

16:05:48--Debug: eigen vector loaded!

16:06:38--Warning: Qt has caught an exception thrown from an event handler. Throwing
exceptions from an event handler is not supported in Qt. You must
reimplement QApplication::notify() and catch all exceptions there.

16:08:02--Debug: mesh loaded!

16:08:04--Debug: eigen vector loaded!

16:09:06--Debug: mesh loaded!

16:09:08--Debug: eigen vector loaded!

16:16:00--Debug: mesh loaded!

16:16:02--Debug: eigen vector loaded!

16:20:59--Debug: mesh loaded!

16:21:01--Debug: eigen vector loaded!

16:24:48--Debug: mesh loaded!

16:24:50--Debug: eigen vector loaded!

16:47:37--Debug: mesh loaded!

16:47:39--Debug: eigen vector loaded!

16:49:41--Debug: mesh loaded!

16:49:43--Debug: eigen vector loaded!

16:51:04--Debug: mesh loaded!

16:51:06--Debug: eigen vector loaded!

18:31:57--Debug: mesh loaded!

18:32:00--Debug: eigen vector loaded!

10:09:03--Debug: mesh loaded!

10:09:06--Debug: eigen vector loaded!

10:10:55--Debug: mesh loaded!

10:10:57--Debug: eigen vector loaded!

10:15:00--Debug: mesh loaded!

10:15:02--Debug: eigen vector loaded!

10:16:33--Debug: mesh loaded!

10:16:35--Debug: eigen vector loaded!

10:17:56--Debug: mesh loaded!

10:17:58--Debug: eigen vector loaded!

10:18:52--Debug: mesh loaded!

10:18:54--Debug: eigen vector loaded!

10:20:51--Debug: mesh loaded!

10:20:53--Debug: eigen vector loaded!

21:28:58--Debug: mesh loaded!

21:29:00--Debug: eigen vector loaded!

23:14:35--Debug: mesh loaded!

23:14:37--Debug: eigen vector loaded!

00:59:16--Debug: mesh loaded!

00:59:18--Debug: eigen vector loaded!

01:01:19--Debug: mesh loaded!

01:01:21--Debug: eigen vector loaded!

01:02:44--Debug: mesh loaded!

01:02:47--Debug: eigen vector loaded!

01:04:29--Debug: mesh loaded!

01:04:31--Debug: eigen vector loaded!

13:13:35--Debug: mesh loaded!

13:13:38--Debug: eigen vector loaded!

13:23:57--Debug: mesh loaded!

13:23:59--Debug: eigen vector loaded!

14:19:22--Debug: mesh loaded!

14:19:25--Debug: eigen vector loaded!

14:30:30--Debug: mesh loaded!

14:30:32--Debug: eigen vector loaded!

01:46:50--Debug: mesh loaded!

01:46:52--Debug: eigen vector loaded!

01:47:56--Debug: mesh loaded!

12:39:13--Debug: mesh loaded!

12:39:15--Debug: eigen vector loaded!

15:08:55--Debug: mesh loaded!

15:08:58--Debug: eigen vector loaded!

15:13:08--Debug: mesh loaded!

15:13:10--Debug: eigen vector loaded!

15:15:45--Debug: mesh loaded!

15:15:45--Debug: eigen vector loaded!

15:18:06--Debug: mesh loaded!

15:18:06--Debug: eigen vector loaded!

16:29:21--Debug: mesh loaded!

16:29:24--Debug: eigen vector loaded!

18:37:33--Debug: mesh loaded!

18:38:24--Debug: mesh loaded!

19:51:17--Debug: mesh loaded!

19:51:17--Debug: eigen vector loaded!

16:14:25--Warning: Qt has caught an exception thrown from an event handler. Throwing
exceptions from an event handler is not supported in Qt. You must
reimplement QApplication::notify() and catch all exceptions there.

16:16:40--Warning: Qt has caught an exception thrown from an event handler. Throwing
exceptions from an event handler is not supported in Qt. You must
reimplement QApplication::notify() and catch all exceptions there.

16:30:07--Warning: Qt has caught an exception thrown from an event handler. Throwing
exceptions from an event handler is not supported in Qt. You must
reimplement QApplication::notify() and catch all exceptions there.

16:31:02--Warning: Qt has caught an exception thrown from an event handler. Throwing
exceptions from an event handler is not supported in Qt. You must
reimplement QApplication::notify() and catch all exceptions there.

16:32:31--Warning: Qt has caught an exception thrown from an event handler. Throwing
exceptions from an event handler is not supported in Qt. You must
reimplement QApplication::notify() and catch all exceptions there.

16:40:03--Warning: Qt has caught an exception thrown from an event handler. Throwing
exceptions from an event handler is not supported in Qt. You must
reimplement QApplication::notify() and catch all exceptions there.

00:12:52--Warning: Qt has caught an exception thrown from an event handler. Throwing
exceptions from an event handler is not supported in Qt. You must
reimplement QApplication::notify() and catch all exceptions there.

